Assembler report for Project
<<<<<<< HEAD
Tue Jun  6 17:49:15 2023
Quartus Prime Version 22.1std.1 Build 917 02/14/2023 SC Lite Edition
=======
Tue Jun 06 15:21:10 2023
Quartus Prime Version 20.1.1 Build 720 11/11/2020 SJ Lite Edition
>>>>>>> b6fab476257746cc951c477ea3cb88069c9f105c


---------------------
; Table of Contents ;
---------------------
  1. Legal Notice
  2. Assembler Summary
  3. Assembler Settings
  4. Assembler Encrypted IP Cores Summary
  5. Assembler Generated Files
  6. Assembler Device Options: C:/Users/Steven/Documents/GitHub/TCES330_Project/Project/output_files/Project.sof
  7. Assembler Messages



----------------
; Legal Notice ;
----------------
Copyright (C) 2020  Intel Corporation. All rights reserved.
Your use of Intel Corporation's design tools, logic functions 
and other software and tools, and any partner logic 
functions, and any output files from any of the foregoing 
(including device programming or simulation files), and any 
associated documentation or information are expressly subject 
to the terms and conditions of the Intel Program License 
Subscription Agreement, the Intel Quartus Prime License Agreement,
the Intel FPGA IP License Agreement, or other applicable license
agreement, including, without limitation, that your use is for
the sole purpose of programming logic devices manufactured by
Intel and sold by Intel or its authorized distributors.  Please
refer to the applicable agreement for further details, at
https://fpgasoftware.intel.com/eula.



+---------------------------------------------------------------+
; Assembler Summary                                             ;
+-----------------------+---------------------------------------+
<<<<<<< HEAD
; Assembler Status      ; Successful - Tue Jun  6 17:49:15 2023 ;
=======
; Assembler Status      ; Successful - Tue Jun 06 15:21:10 2023 ;
>>>>>>> b6fab476257746cc951c477ea3cb88069c9f105c
; Revision Name         ; Project                               ;
; Top-level Entity Name ; Project                               ;
; Family                ; Cyclone IV E                          ;
; Device                ; EP4CE115F29C7                         ;
+-----------------------+---------------------------------------+


+----------------------------------+
; Assembler Settings               ;
+--------+---------+---------------+
; Option ; Setting ; Default Value ;
+--------+---------+---------------+


+------------------------------------------------+
; Assembler Encrypted IP Cores Summary           ;
+--------+------------------------+--------------+
; Vendor ; IP Core Name           ; License Type ;
+--------+------------------------+--------------+
; Altera ; Signal Tap (6AF7 BCE1) ; Licensed     ;
; Altera ; Signal Tap (6AF7 BCEC) ; Licensed     ;
+--------+------------------------+--------------+


+-----------------------------------------------------------------------------------+
; Assembler Generated Files                                                         ;
+-----------------------------------------------------------------------------------+
; File Name                                                                         ;
+-----------------------------------------------------------------------------------+
; C:/Users/Steven/Documents/GitHub/TCES330_Project/Project/output_files/Project.sof ;
+-----------------------------------------------------------------------------------+


+-------------------------------------------------------------------------------------------------------------+
; Assembler Device Options: C:/Users/Steven/Documents/GitHub/TCES330_Project/Project/output_files/Project.sof ;
+----------------+--------------------------------------------------------------------------------------------+
; Option         ; Setting                                                                                    ;
+----------------+--------------------------------------------------------------------------------------------+
; JTAG usercode  ; 0x0063D59F                                                                                 ;
; Checksum       ; 0x0063D59F                                                                                 ;
+----------------+--------------------------------------------------------------------------------------------+


+--------------------+
; Assembler Messages ;
+--------------------+
Info: *******************************************************************
Info: Running Quartus Prime Assembler
<<<<<<< HEAD
    Info: Version 22.1std.1 Build 917 02/14/2023 SC Lite Edition
    Info: Processing started: Tue Jun  6 17:49:13 2023
=======
    Info: Version 20.1.1 Build 720 11/11/2020 SJ Lite Edition
    Info: Processing started: Tue Jun 06 15:21:08 2023
>>>>>>> b6fab476257746cc951c477ea3cb88069c9f105c
Info: Command: quartus_asm --read_settings_files=off --write_settings_files=off Project -c Project
Warning (18236): Number of processors has not been specified which may cause overloading on shared machines.  Set the global assignment NUM_PARALLEL_PROCESSORS in your QSF to an appropriate value for best performance.
Info (115031): Writing out detailed assembly data for power analysis
Info (115030): Assembler is generating device programming files
Info: Quartus Prime Assembler was successful. 0 errors, 1 warning
<<<<<<< HEAD
    Info: Peak virtual memory: 4726 megabytes
    Info: Processing ended: Tue Jun  6 17:49:15 2023
=======
    Info: Peak virtual memory: 4700 megabytes
    Info: Processing ended: Tue Jun 06 15:21:10 2023
>>>>>>> b6fab476257746cc951c477ea3cb88069c9f105c
    Info: Elapsed time: 00:00:02
    Info: Total CPU time (on all processors): 00:00:02


